<?xml version="1.0" encoding="UTF-8"?>
<!-- Generated by org.testng.reporters.JUnitReportReporter -->
<testsuite skipped="0" hostname="Lucy" name="cz.muni.fi.pa165.TestDogDao" tests="6" failures="0" timestamp="08 Lis 2017 19:35:50 GMT" time="0.189" errors="0">
  <testcase name="findDogById" time="0.012" classname="cz.muni.fi.pa165.TestDogDao"/>
  <testcase name="storeAndReceiveADog" time="0.026" classname="cz.muni.fi.pa165.TestDogDao"/>
  <testcase name="findAllMaleDogs" time="0.025" classname="cz.muni.fi.pa165.TestDogDao"/>
  <testcase name="storeAndDeleteADog" time="0.043" classname="cz.muni.fi.pa165.TestDogDao"/>
  <testcase name="findNonexistentDog" time="0.039" classname="cz.muni.fi.pa165.TestDogDao"/>
  <testcase name="findAllFemaleDogs" time="0.044" classname="cz.muni.fi.pa165.TestDogDao"/>
</testsuite> <!-- cz.muni.fi.pa165.TestDogDao -->
