<?xml version="1.0" encoding="UTF-8"?>
<!-- Generated by org.testng.reporters.JUnitReportReporter -->
<testsuite skipped="0" hostname="Lucy" name="cz.muni.fi.pa165.TestCustomerDao" tests="7" failures="0" timestamp="08 Lis 2017 19:35:50 GMT" time="1.198" errors="0">
  <testcase name="storesAndDeletesSingleCustomer" time="0.093" classname="cz.muni.fi.pa165.TestCustomerDao"/>
  <testcase name="storesAndReceivesSingleCustomer" time="0.339" classname="cz.muni.fi.pa165.TestCustomerDao"/>
  <testcase name="findsAllCustomersWithCertainSurname" time="0.035" classname="cz.muni.fi.pa165.TestCustomerDao"/>
  <testcase name="gettingAllCustomersWithSurnameWhichIsNotStoredReturnsNull" time="0.029" classname="cz.muni.fi.pa165.TestCustomerDao"/>
  <testcase name="findsCustomerById" time="0.020" classname="cz.muni.fi.pa165.TestCustomerDao"/>
  <testcase name="doesntFindNonExistentCustomer" time="0.307" classname="cz.muni.fi.pa165.TestCustomerDao"/>
  <testcase name="findsAllCustomersWithCertainPhoneNumber" time="0.375" classname="cz.muni.fi.pa165.TestCustomerDao"/>
</testsuite> <!-- cz.muni.fi.pa165.TestCustomerDao -->
