<?xml version="1.0" encoding="UTF-8"?>
<!-- Generated by org.testng.reporters.JUnitReportReporter -->
<testsuite skipped="0" hostname="Lucy" name="cz.muni.fi.pa165.TestEmployeeDao" tests="6" failures="0" timestamp="08 Lis 2017 19:35:50 GMT" time="0.197" errors="0">
  <testcase name="storesAndReceivesSingleEmployee" time="0.014" classname="cz.muni.fi.pa165.TestEmployeeDao"/>
  <testcase name="doesntFindNonExistentEmployee" time="0.023" classname="cz.muni.fi.pa165.TestEmployeeDao"/>
  <testcase name="findsEmployeeById" time="0.013" classname="cz.muni.fi.pa165.TestEmployeeDao"/>
  <testcase name="storesAndDeletesSingleEmployee" time="0.037" classname="cz.muni.fi.pa165.TestEmployeeDao"/>
  <testcase name="findAllBelowCertainSalary" time="0.025" classname="cz.muni.fi.pa165.TestEmployeeDao"/>
  <testcase name="doesntFindNoEmployeeBelowMinimumSalary" time="0.085" classname="cz.muni.fi.pa165.TestEmployeeDao"/>
</testsuite> <!-- cz.muni.fi.pa165.TestEmployeeDao -->
