<?xml version="1.0" encoding="UTF-8"?>
<!-- Generated by org.testng.reporters.JUnitReportReporter -->
<testsuite skipped="0" hostname="Lucy" name="cz.muni.fi.pa165.TestServiceDao" tests="7" failures="0" timestamp="08 Lis 2017 19:35:50 GMT" time="0.213" errors="0">
  <testcase name="findsServiceById" time="0.014" classname="cz.muni.fi.pa165.TestServiceDao"/>
  <testcase name="doesntFindNonExistentService" time="0.046" classname="cz.muni.fi.pa165.TestServiceDao"/>
  <testcase name="storesAndReceivesSingleService" time="0.017" classname="cz.muni.fi.pa165.TestServiceDao"/>
  <testcase name="findsNoServicesMatchingDescription" time="0.023" classname="cz.muni.fi.pa165.TestServiceDao"/>
  <testcase name="findsAllServicesProvidedBetweenTwoDates" time="0.046" classname="cz.muni.fi.pa165.TestServiceDao"/>
  <testcase name="findsAllServicesMatchingDescription" time="0.033" classname="cz.muni.fi.pa165.TestServiceDao"/>
  <testcase name="storesAndDeletesSingleService" time="0.034" classname="cz.muni.fi.pa165.TestServiceDao"/>
</testsuite> <!-- cz.muni.fi.pa165.TestServiceDao -->
