<?xml version="1.0" encoding="UTF-8" ?>
<testsuite tests="26" failures="0" name="TestSuite" time="0.943" errors="0" skipped="0">
  <properties>
    <property name="java.runtime.name" value="Java(TM) SE Runtime Environment"/>
    <property name="sun.boot.library.path" value="C:\Program Files\Java\jdk1.8.0_144\jre\bin"/>
    <property name="java.vm.version" value="25.144-b01"/>
    <property name="java.vm.vendor" value="Oracle Corporation"/>
    <property name="maven.multiModuleProjectDirectory" value="C:/Users/Lucy/Moje/Studium/Mgr FI MUNI/PA165 Enterprise Java/dog-barbershop"/>
    <property name="java.vendor.url" value="http://java.oracle.com/"/>
    <property name="path.separator" value=";"/>
    <property name="guice.disable.misplaced.annotation.check" value="true"/>
    <property name="java.vm.name" value="Java HotSpot(TM) 64-Bit Server VM"/>
    <property name="file.encoding.pkg" value="sun.io"/>
    <property name="user.script" value=""/>
    <property name="user.country" value="CZ"/>
    <property name="sun.java.launcher" value="SUN_STANDARD"/>
    <property name="sun.os.patch.level" value="Service Pack 1"/>
    <property name="java.vm.specification.name" value="Java Virtual Machine Specification"/>
    <property name="user.dir" value="C:\Users\Lucy\Moje\Studium\Mgr FI MUNI\PA165 Enterprise Java\dog-barbershop"/>
    <property name="java.runtime.version" value="1.8.0_144-b01"/>
    <property name="java.awt.graphicsenv" value="sun.awt.Win32GraphicsEnvironment"/>
    <property name="java.endorsed.dirs" value="C:\Program Files\Java\jdk1.8.0_144\jre\lib\endorsed"/>
    <property name="os.arch" value="amd64"/>
    <property name="java.io.tmpdir" value="C:\Users\Lucy\AppData\Local\Temp\"/>
    <property name="line.separator" value="
"/>
    <property name="java.vm.specification.vendor" value="Oracle Corporation"/>
    <property name="user.variant" value=""/>
    <property name="os.name" value="Windows 7"/>
    <property name="classworlds.conf" value="C:/Program Files/apache-maven-3.5.0/bin/m2.conf"/>
    <property name="sun.jnu.encoding" value="Cp1250"/>
    <property name="java.library.path" value="C:\Program Files\Java\jdk1.8.0_144\bin;C:\windows\Sun\Java\bin;C:\windows\system32;C:\windows;C:\Users\Lucy\bin;C:\Program Files\Git\mingw64\bin;C:\Program Files\Git\usr\local\bin;C:\Program Files\Git\usr\bin;C:\Program Files\Git\usr\bin;C:\Program Files\Git\mingw64\bin;C:\Program Files\Git\usr\bin;C:\Users\Lucy\bin;C:\ProgramData\Oracle\Java\javapath;C:\Program Files (x86)\AMD APP\bin\x86_64;C:\Program Files (x86)\AMD APP\bin\x86;C:\Program Files\Common Files\Microsoft Shared\Windows Live;C:\Program Files (x86)\Common Files\Microsoft Shared\Windows Live;C:\windows\system32;C:\windows;C:\windows\System32\Wbem;C:\windows\System32\WindowsPowerShell\v1.0;C:\Program Files (x86)\Windows Live\Shared;C:\Program Files (x86)\ATI Technologies\ATI.ACE\Core-Static;C:\windows\system32\config\systemprofile\.dnx\bin;C:\Program Files\Microsoft DNX\Dnvm;C:\Program Files\Microsoft SQL Server\130\Tools\Binn;C:\Program Files (x86)\Windows Kits\8.1\Windows Performance Toolkit;C:\Users\Lucy\Documents\opencv\build\x64\vc14\bin;C:\Users\Lucy\Documents\opencv\build\x64\vc14\lib;C:\Program Files (x86)\Skype\Phone;C:\Program Files\Git\cmd;C:\Program Files\Git\mingw64\bin;C:\Program Files\Git\usr\bin;C:\Users\Lucy\AppData\Local\Programs\MiKTeX 2.9\miktex\bin;C:\Program Files\Java\jdk1.8.0_144\bin;C:\Program Files\apache-maven-3.5.0\bin;C:\Program Files\Git\usr\bin\vendor_perl;C:\Program Files\Git\usr\bin\core_perl;."/>
    <property name="maven.conf" value="C:/Program Files/apache-maven-3.5.0/conf"/>
    <property name="java.specification.name" value="Java Platform API Specification"/>
    <property name="java.class.version" value="52.0"/>
    <property name="sun.management.compiler" value="HotSpot 64-Bit Tiered Compilers"/>
    <property name="os.version" value="6.1"/>
    <property name="library.jansi.path" value="C:\Program Files\apache-maven-3.5.0\lib\jansi-native\windows64"/>
    <property name="user.home" value="C:\Users\Lucy"/>
    <property name="user.timezone" value="Europe/Prague"/>
    <property name="java.awt.printerjob" value="sun.awt.windows.WPrinterJob"/>
    <property name="java.specification.version" value="1.8"/>
    <property name="file.encoding" value="Cp1250"/>
    <property name="user.name" value="Lucy"/>
    <property name="java.class.path" value="C:/Program Files/apache-maven-3.5.0/boot/plexus-classworlds-2.5.2.jar"/>
    <property name="java.vm.specification.version" value="1.8"/>
    <property name="sun.arch.data.model" value="64"/>
    <property name="java.home" value="C:\Program Files\Java\jdk1.8.0_144\jre"/>
    <property name="sun.java.command" value="org.codehaus.plexus.classworlds.launcher.Launcher clean install"/>
    <property name="java.specification.vendor" value="Oracle Corporation"/>
    <property name="user.language" value="cs"/>
    <property name="awt.toolkit" value="sun.awt.windows.WToolkit"/>
    <property name="java.vm.info" value="mixed mode"/>
    <property name="java.version" value="1.8.0_144"/>
    <property name="java.ext.dirs" value="C:\Program Files\Java\jdk1.8.0_144\jre\lib\ext;C:\windows\Sun\Java\lib\ext"/>
    <property name="sun.boot.class.path" value="C:\Program Files\Java\jdk1.8.0_144\jre\lib\resources.jar;C:\Program Files\Java\jdk1.8.0_144\jre\lib\rt.jar;C:\Program Files\Java\jdk1.8.0_144\jre\lib\sunrsasign.jar;C:\Program Files\Java\jdk1.8.0_144\jre\lib\jsse.jar;C:\Program Files\Java\jdk1.8.0_144\jre\lib\jce.jar;C:\Program Files\Java\jdk1.8.0_144\jre\lib\charsets.jar;C:\Program Files\Java\jdk1.8.0_144\jre\lib\jfr.jar;C:\Program Files\Java\jdk1.8.0_144\jre\classes"/>
    <property name="sun.stderr.encoding" value="cp852"/>
    <property name="java.vendor" value="Oracle Corporation"/>
    <property name="maven.home" value="C:\Program Files\apache-maven-3.5.0"/>
    <property name="file.separator" value="\"/>
    <property name="java.vendor.url.bug" value="http://bugreport.sun.com/bugreport/"/>
    <property name="sun.cpu.endian" value="little"/>
    <property name="sun.io.unicode.encoding" value="UnicodeLittle"/>
    <property name="sun.stdout.encoding" value="cp852"/>
    <property name="sun.desktop" value="windows"/>
    <property name="sun.cpu.isalist" value="amd64"/>
  </properties>
  <testcase classname="cz.muni.fi.pa165.TestCustomerDao" name="doesntFindNonExistentCustomer" time="0.297"/>
  <testcase classname="cz.muni.fi.pa165.TestCustomerDao" name="findsAllCustomersWithCertainPhoneNumber" time="0.291"/>
  <testcase classname="cz.muni.fi.pa165.TestCustomerDao" name="findsAllCustomersWithCertainSurname" time="0.056"/>
  <testcase classname="cz.muni.fi.pa165.TestCustomerDao" name="findsCustomerById" time="0.005"/>
  <testcase classname="cz.muni.fi.pa165.TestCustomerDao" name="gettingAllCustomersWithSurnameWhichIsNotStoredReturnsNull" time="0.005"/>
  <testcase classname="cz.muni.fi.pa165.TestCustomerDao" name="storesAndDeletesSingleCustomer" time="0.05"/>
  <testcase classname="cz.muni.fi.pa165.TestCustomerDao" name="storesAndReceivesSingleCustomer" time="0.015"/>
  <testcase classname="cz.muni.fi.pa165.TestDogDao" name="findAllFemaleDogs" time="0.025"/>
  <testcase classname="cz.muni.fi.pa165.TestDogDao" name="findAllMaleDogs" time="0.034"/>
  <testcase classname="cz.muni.fi.pa165.TestDogDao" name="findDogById" time="0.004"/>
  <testcase classname="cz.muni.fi.pa165.TestDogDao" name="findNonexistentDog" time="0.003"/>
  <testcase classname="cz.muni.fi.pa165.TestDogDao" name="storeAndDeleteADog" time="0.009"/>
  <testcase classname="cz.muni.fi.pa165.TestDogDao" name="storeAndReceiveADog" time="0.006"/>
  <testcase classname="cz.muni.fi.pa165.TestEmployeeDao" name="doesntFindNoEmployeeBelowMinimumSalary" time="0.014"/>
  <testcase classname="cz.muni.fi.pa165.TestEmployeeDao" name="doesntFindNonExistentEmployee" time="0.002"/>
  <testcase classname="cz.muni.fi.pa165.TestEmployeeDao" name="findAllBelowCertainSalary" time="0.026"/>
  <testcase classname="cz.muni.fi.pa165.TestEmployeeDao" name="findsEmployeeById" time="0.002"/>
  <testcase classname="cz.muni.fi.pa165.TestEmployeeDao" name="storesAndDeletesSingleEmployee" time="0.011"/>
  <testcase classname="cz.muni.fi.pa165.TestEmployeeDao" name="storesAndReceivesSingleEmployee" time="0.003"/>
  <testcase classname="cz.muni.fi.pa165.TestServiceDao" name="doesntFindNonExistentService" time="0.017"/>
  <testcase classname="cz.muni.fi.pa165.TestServiceDao" name="findsAllServicesMatchingDescription" time="0.007"/>
  <testcase classname="cz.muni.fi.pa165.TestServiceDao" name="findsAllServicesProvidedBetweenTwoDates" time="0.036"/>
  <testcase classname="cz.muni.fi.pa165.TestServiceDao" name="findsNoServicesMatchingDescription" time="0.005"/>
  <testcase classname="cz.muni.fi.pa165.TestServiceDao" name="findsServiceById" time="0.001"/>
  <testcase classname="cz.muni.fi.pa165.TestServiceDao" name="storesAndDeletesSingleService" time="0.014"/>
  <testcase classname="cz.muni.fi.pa165.TestServiceDao" name="storesAndReceivesSingleService" time="0.005"/>
</testsuite>